This is XeTeX, Version 3.14159265-2.6-0.99999 (MiKTeX 2.9.6600) (preloaded format=xelatex 2018.3.30)  13 APR 2018 13:47
entering extended mode
**/Users/user/Desktop/open_platform_project/LaTex2/poster.tex
(/Users/user/Desktop/open_platform_project/LaTex2/poster.tex
LaTeX2e <2017-04-15>
Babel <3.18> and hyphenation patterns for 0 language(s) loaded.
(baposter.cls
Document Class: baposter 2011/11/26 v2.0 baposter class

("/Users/user/Library/Application Support/MiKTeX/texmfs/install/tex/latex/base/
article.cls"
Document Class: article 2014/09/29 v1.4h Standard LaTeX document class

("/Users/user/Library/Application Support/MiKTeX/texmfs/install/tex/latex/base/
size10.clo"
File: size10.clo 2014/09/29 v1.4h Standard LaTeX file (size option)
)
\c@part=\count79
\c@section=\count80
\c@subsection=\count81
\c@subsubsection=\count82
\c@paragraph=\count83
\c@subparagraph=\count84
\c@figure=\count85
\c@table=\count86
\abovecaptionskip=\skip41
\belowcaptionskip=\skip42
\bibindent=\dimen102
)
baposter: Brian Amberg, 2007, 2008, 2009, 2010, 2011 | http://www.brian-amberg.
de/uni/poster/
baposter: Reinhold Kainhofer, 2011 | http://reinhold.kainhofer.com/
\baposter@basepaperwidth=\skip43
\baposter@basepaperheight=\skip44
\baposter@basemargin=\skip45
\baposter@finalpaperwidth=\skip46
\baposter@finalpaperheight=\skip47
\baposter@finalmargin=\skip48
\headerheight=\skip49
\colwidth=\skip50
\colheight=\skip51
\baposter@@colspacing=\skip52
\baposter@box@@cornerradius=\skip53
\baposter@box@@boxheaderheight=\skip54
\baposter@box@@boxpadding=\skip55
\boxstartx=\skip56
\boxstarty=\skip57
\boxwidth=\skip58
\boxheight=\skip59
\baposter@titleimage@left@width=\skip60
\baposter@titleimage@right@width=\skip61
\baposter@titleimage@textwidth=\skip62
\baposter@box@content=\box26
\baposter@titleimage@left=\box27
\baposter@titleimage@title=\box28
\baposter@titleimage@right=\box29
Use Packages

("/Users/user/Library/Application Support/MiKTeX/texmfs/install/tex/latex/xkeyv
al/xkeyval.sty"
Package: xkeyval 2014/12/03 v2.7a package option processing (HA)

("/Users/user/Library/Application Support/MiKTeX/texmfs/install/tex/generic/xke
yval/xkeyval.tex"
("/Users/user/Library/Application Support/MiKTeX/texmfs/install/tex/generic/xke
yval/xkvutils.tex"
\XKV@toks=\toks14
\XKV@tempa@toks=\toks15

("/Users/user/Library/Application Support/MiKTeX/texmfs/install/tex/generic/xke
yval/keyval.tex"))
\XKV@depth=\count87
File: xkeyval.tex 2014/12/03 v2.7a key=value parser (HA)
))
("/Users/user/Library/Application Support/MiKTeX/texmfs/install/tex/latex/tools
/calc.sty"
Package: calc 2017/05/25 v4.3 Infix arithmetic (KKT,FJ)
\calc@Acount=\count88
\calc@Bcount=\count89
\calc@Adimen=\dimen103
\calc@Bdimen=\dimen104
\calc@Askip=\skip63
\calc@Bskip=\skip64
LaTeX Info: Redefining \setlength on input line 80.
LaTeX Info: Redefining \addtolength on input line 81.
\calc@Ccount=\count90
\calc@Cskip=\skip65
)
("/Users/user/Library/Application Support/MiKTeX/texmfs/install/tex/latex/xcolo
r/xcolor.sty"
Package: xcolor 2016/05/11 v2.12 LaTeX color extensions (UK)

("/Users/user/Library/Application Support/MiKTeX/texmfs/install/tex/latex/graph
ics-cfg/color.cfg"
File: color.cfg 2016/01/02 v1.6 sample color configuration
)
Package xcolor Info: Driver file: xetex.def on input line 225.

("/Users/user/Library/Application Support/MiKTeX/texmfs/install/tex/latex/graph
ics-def/xetex.def"
File: xetex.def 2017/06/24 v5.0h Graphics/color driver for xetex
)
Package xcolor Info: Model `cmy' substituted by `cmy0' on input line 1348.
Package xcolor Info: Model `RGB' extended on input line 1364.
Package xcolor Info: Model `HTML' substituted by `rgb' on input line 1366.
Package xcolor Info: Model `Hsb' substituted by `hsb' on input line 1367.
Package xcolor Info: Model `tHsb' substituted by `hsb' on input line 1368.
Package xcolor Info: Model `HSB' substituted by `hsb' on input line 1369.
Package xcolor Info: Model `Gray' substituted by `gray' on input line 1370.
Package xcolor Info: Model `wave' substituted by `hsb' on input line 1371.
)
("/Users/user/Library/Application Support/MiKTeX/texmfs/install/tex/latex/pgf/f
rontendlayer/tikz.sty"
("/Users/user/Library/Application Support/MiKTeX/texmfs/install/tex/latex/pgf/b
asiclayer/pgf.sty"
("/Users/user/Library/Application Support/MiKTeX/texmfs/install/tex/latex/pgf/u
tilities/pgfrcs.sty"
("/Users/user/Library/Application Support/MiKTeX/texmfs/install/tex/generic/pgf
/utilities/pgfutil-common.tex"
\pgfutil@everybye=\toks16
\pgfutil@tempdima=\dimen105
\pgfutil@tempdimb=\dimen106

("/Users/user/Library/Application Support/MiKTeX/texmfs/install/tex/generic/pgf
/utilities/pgfutil-common-lists.tex"))
("/Users/user/Library/Application Support/MiKTeX/texmfs/install/tex/generic/pgf
/utilities/pgfutil-latex.def"
\pgfutil@abb=\box30

("/Users/user/Library/Application Support/MiKTeX/texmfs/install/tex/latex/ms/ev
eryshi.sty"
Package: everyshi 2001/05/15 v3.00 EveryShipout Package (MS)
))
("/Users/user/Library/Application Support/MiKTeX/texmfs/install/tex/generic/pgf
/utilities/pgfrcs.code.tex"
Package: pgfrcs 2015/08/07 v3.0.1a (rcs-revision 1.31)
))
Package: pgf 2015/08/07 v3.0.1a (rcs-revision 1.15)

("/Users/user/Library/Application Support/MiKTeX/texmfs/install/tex/latex/pgf/b
asiclayer/pgfcore.sty"
("/Users/user/Library/Application Support/MiKTeX/texmfs/install/tex/latex/graph
ics/graphicx.sty"
Package: graphicx 2017/06/01 v1.1a Enhanced LaTeX Graphics (DPC,SPQR)

("/Users/user/Library/Application Support/MiKTeX/texmfs/install/tex/latex/graph
ics/graphics.sty"
Package: graphics 2017/06/25 v1.2c Standard LaTeX Graphics (DPC,SPQR)

("/Users/user/Library/Application Support/MiKTeX/texmfs/install/tex/latex/graph
ics/trig.sty"
Package: trig 2016/01/03 v1.10 sin cos tan (DPC)
)
("/Users/user/Library/Application Support/MiKTeX/texmfs/install/tex/latex/graph
ics-cfg/graphics.cfg"
File: graphics.cfg 2016/06/04 v1.11 sample graphics configuration
)
Package graphics Info: Driver file: xetex.def on input line 99.
)
\Gin@req@height=\dimen107
\Gin@req@width=\dimen108
)
("/Users/user/Library/Application Support/MiKTeX/texmfs/install/tex/latex/pgf/s
ystemlayer/pgfsys.sty"
("/Users/user/Library/Application Support/MiKTeX/texmfs/install/tex/generic/pgf
/systemlayer/pgfsys.code.tex"
Package: pgfsys 2014/07/09 v3.0.1a (rcs-revision 1.48)

("/Users/user/Library/Application Support/MiKTeX/texmfs/install/tex/generic/pgf
/utilities/pgfkeys.code.tex"
\pgfkeys@pathtoks=\toks17
\pgfkeys@temptoks=\toks18

("/Users/user/Library/Application Support/MiKTeX/texmfs/install/tex/generic/pgf
/utilities/pgfkeysfiltered.code.tex"
\pgfkeys@tmptoks=\toks19
))
\pgf@x=\dimen109
\pgf@y=\dimen110
\pgf@xa=\dimen111
\pgf@ya=\dimen112
\pgf@xb=\dimen113
\pgf@yb=\dimen114
\pgf@xc=\dimen115
\pgf@yc=\dimen116
\w@pgf@writea=\write3
\r@pgf@reada=\read1
\c@pgf@counta=\count91
\c@pgf@countb=\count92
\c@pgf@countc=\count93
\c@pgf@countd=\count94
\t@pgf@toka=\toks20
\t@pgf@tokb=\toks21
\t@pgf@tokc=\toks22

("/Users/user/Library/Application Support/MiKTeX/texmfs/install/tex/generic/pgf
/systemlayer/pgf.cfg"
File: pgf.cfg 2008/05/14  (rcs-revision 1.7)
)
Driver file for pgf: pgfsys-xetex.def

("/Users/user/Library/Application Support/MiKTeX/texmfs/install/tex/generic/pgf
/systemlayer/pgfsys-xetex.def"
File: pgfsys-xetex.def 2014/07/09  (rcs-revision 1.11)

("/Users/user/Library/Application Support/MiKTeX/texmfs/install/tex/generic/pgf
/systemlayer/pgfsys-dvipdfmx.def"
File: pgfsys-dvipdfmx.def 2014/07/09  (rcs-revision 1.14)

("/Users/user/Library/Application Support/MiKTeX/texmfs/install/tex/generic/pgf
/systemlayer/pgfsys-common-pdf.def"
File: pgfsys-common-pdf.def 2013/10/10  (rcs-revision 1.13)
)
\pgfsys@objnum=\count95
)))
("/Users/user/Library/Application Support/MiKTeX/texmfs/install/tex/generic/pgf
/systemlayer/pgfsyssoftpath.code.tex"
File: pgfsyssoftpath.code.tex 2013/09/09  (rcs-revision 1.9)
\pgfsyssoftpath@smallbuffer@items=\count96
\pgfsyssoftpath@bigbuffer@items=\count97
)
("/Users/user/Library/Application Support/MiKTeX/texmfs/install/tex/generic/pgf
/systemlayer/pgfsysprotocol.code.tex"
File: pgfsysprotocol.code.tex 2006/10/16  (rcs-revision 1.4)
))
("/Users/user/Library/Application Support/MiKTeX/texmfs/install/tex/generic/pgf
/basiclayer/pgfcore.code.tex"
Package: pgfcore 2010/04/11 v3.0.1a (rcs-revision 1.7)

("/Users/user/Library/Application Support/MiKTeX/texmfs/install/tex/generic/pgf
/math/pgfmath.code.tex"
("/Users/user/Library/Application Support/MiKTeX/texmfs/install/tex/generic/pgf
/math/pgfmathcalc.code.tex"
("/Users/user/Library/Application Support/MiKTeX/texmfs/install/tex/generic/pgf
/math/pgfmathutil.code.tex")
("/Users/user/Library/Application Support/MiKTeX/texmfs/install/tex/generic/pgf
/math/pgfmathparser.code.tex"
\pgfmath@dimen=\dimen117
\pgfmath@count=\count98
\pgfmath@box=\box31
\pgfmath@toks=\toks23
\pgfmath@stack@operand=\toks24
\pgfmath@stack@operation=\toks25
)
("/Users/user/Library/Application Support/MiKTeX/texmfs/install/tex/generic/pgf
/math/pgfmathfunctions.code.tex"
("/Users/user/Library/Application Support/MiKTeX/texmfs/install/tex/generic/pgf
/math/pgfmathfunctions.basic.code.tex")
("/Users/user/Library/Application Support/MiKTeX/texmfs/install/tex/generic/pgf
/math/pgfmathfunctions.trigonometric.code.tex")
("/Users/user/Library/Application Support/MiKTeX/texmfs/install/tex/generic/pgf
/math/pgfmathfunctions.random.code.tex")
("/Users/user/Library/Application Support/MiKTeX/texmfs/install/tex/generic/pgf
/math/pgfmathfunctions.comparison.code.tex")
("/Users/user/Library/Application Support/MiKTeX/texmfs/install/tex/generic/pgf
/math/pgfmathfunctions.base.code.tex")
("/Users/user/Library/Application Support/MiKTeX/texmfs/install/tex/generic/pgf
/math/pgfmathfunctions.round.code.tex")
("/Users/user/Library/Application Support/MiKTeX/texmfs/install/tex/generic/pgf
/math/pgfmathfunctions.misc.code.tex")
("/Users/user/Library/Application Support/MiKTeX/texmfs/install/tex/generic/pgf
/math/pgfmathfunctions.integerarithmetics.code.tex")))
("/Users/user/Library/Application Support/MiKTeX/texmfs/install/tex/generic/pgf
/math/pgfmathfloat.code.tex"
\c@pgfmathroundto@lastzeros=\count99
))
("/Users/user/Library/Application Support/MiKTeX/texmfs/install/tex/generic/pgf
/basiclayer/pgfcorepoints.code.tex"
File: pgfcorepoints.code.tex 2013/10/07  (rcs-revision 1.27)
\pgf@picminx=\dimen118
\pgf@picmaxx=\dimen119
\pgf@picminy=\dimen120
\pgf@picmaxy=\dimen121
\pgf@pathminx=\dimen122
\pgf@pathmaxx=\dimen123
\pgf@pathminy=\dimen124
\pgf@pathmaxy=\dimen125
\pgf@xx=\dimen126
\pgf@xy=\dimen127
\pgf@yx=\dimen128
\pgf@yy=\dimen129
\pgf@zx=\dimen130
\pgf@zy=\dimen131
)
("/Users/user/Library/Application Support/MiKTeX/texmfs/install/tex/generic/pgf
/basiclayer/pgfcorepathconstruct.code.tex"
File: pgfcorepathconstruct.code.tex 2013/10/07  (rcs-revision 1.29)
\pgf@path@lastx=\dimen132
\pgf@path@lasty=\dimen133
)
("/Users/user/Library/Application Support/MiKTeX/texmfs/install/tex/generic/pgf
/basiclayer/pgfcorepathusage.code.tex"
File: pgfcorepathusage.code.tex 2014/11/02  (rcs-revision 1.24)
\pgf@shorten@end@additional=\dimen134
\pgf@shorten@start@additional=\dimen135
)
("/Users/user/Library/Application Support/MiKTeX/texmfs/install/tex/generic/pgf
/basiclayer/pgfcorescopes.code.tex"
File: pgfcorescopes.code.tex 2015/05/08  (rcs-revision 1.46)
\pgfpic=\box32
\pgf@hbox=\box33
\pgf@layerbox@main=\box34
\pgf@picture@serial@count=\count100
)
("/Users/user/Library/Application Support/MiKTeX/texmfs/install/tex/generic/pgf
/basiclayer/pgfcoregraphicstate.code.tex"
File: pgfcoregraphicstate.code.tex 2014/11/02  (rcs-revision 1.12)
\pgflinewidth=\dimen136
)
("/Users/user/Library/Application Support/MiKTeX/texmfs/install/tex/generic/pgf
/basiclayer/pgfcoretransformations.code.tex"
File: pgfcoretransformations.code.tex 2015/08/07  (rcs-revision 1.20)
\pgf@pt@x=\dimen137
\pgf@pt@y=\dimen138
\pgf@pt@temp=\dimen139
)
("/Users/user/Library/Application Support/MiKTeX/texmfs/install/tex/generic/pgf
/basiclayer/pgfcorequick.code.tex"
File: pgfcorequick.code.tex 2008/10/09  (rcs-revision 1.3)
)
("/Users/user/Library/Application Support/MiKTeX/texmfs/install/tex/generic/pgf
/basiclayer/pgfcoreobjects.code.tex"
File: pgfcoreobjects.code.tex 2006/10/11  (rcs-revision 1.2)
)
("/Users/user/Library/Application Support/MiKTeX/texmfs/install/tex/generic/pgf
/basiclayer/pgfcorepathprocessing.code.tex"
File: pgfcorepathprocessing.code.tex 2013/09/09  (rcs-revision 1.9)
)
("/Users/user/Library/Application Support/MiKTeX/texmfs/install/tex/generic/pgf
/basiclayer/pgfcorearrows.code.tex"
File: pgfcorearrows.code.tex 2015/05/14  (rcs-revision 1.43)
\pgfarrowsep=\dimen140
)
("/Users/user/Library/Application Support/MiKTeX/texmfs/install/tex/generic/pgf
/basiclayer/pgfcoreshade.code.tex"
File: pgfcoreshade.code.tex 2013/07/15  (rcs-revision 1.15)
\pgf@max=\dimen141
\pgf@sys@shading@range@num=\count101
)
("/Users/user/Library/Application Support/MiKTeX/texmfs/install/tex/generic/pgf
/basiclayer/pgfcoreimage.code.tex"
File: pgfcoreimage.code.tex 2013/07/15  (rcs-revision 1.18)

("/Users/user/Library/Application Support/MiKTeX/texmfs/install/tex/generic/pgf
/basiclayer/pgfcoreexternal.code.tex"
File: pgfcoreexternal.code.tex 2014/07/09  (rcs-revision 1.21)
\pgfexternal@startupbox=\box35
))
("/Users/user/Library/Application Support/MiKTeX/texmfs/install/tex/generic/pgf
/basiclayer/pgfcorelayers.code.tex"
File: pgfcorelayers.code.tex 2013/07/18  (rcs-revision 1.7)
)
("/Users/user/Library/Application Support/MiKTeX/texmfs/install/tex/generic/pgf
/basiclayer/pgfcoretransparency.code.tex"
File: pgfcoretransparency.code.tex 2013/09/30  (rcs-revision 1.5)
)
("/Users/user/Library/Application Support/MiKTeX/texmfs/install/tex/generic/pgf
/basiclayer/pgfcorepatterns.code.tex"
File: pgfcorepatterns.code.tex 2013/11/07  (rcs-revision 1.5)
)))
("/Users/user/Library/Application Support/MiKTeX/texmfs/install/tex/generic/pgf
/modules/pgfmoduleshapes.code.tex"
File: pgfmoduleshapes.code.tex 2014/03/21  (rcs-revision 1.35)
\pgfnodeparttextbox=\box36
)
("/Users/user/Library/Application Support/MiKTeX/texmfs/install/tex/generic/pgf
/modules/pgfmoduleplot.code.tex"
File: pgfmoduleplot.code.tex 2015/08/03  (rcs-revision 1.13)
)
("/Users/user/Library/Application Support/MiKTeX/texmfs/install/tex/latex/pgf/c
ompatibility/pgfcomp-version-0-65.sty"
Package: pgfcomp-version-0-65 2007/07/03 v3.0.1a (rcs-revision 1.7)
\pgf@nodesepstart=\dimen142
\pgf@nodesepend=\dimen143
)
("/Users/user/Library/Application Support/MiKTeX/texmfs/install/tex/latex/pgf/c
ompatibility/pgfcomp-version-1-18.sty"
Package: pgfcomp-version-1-18 2007/07/23 v3.0.1a (rcs-revision 1.1)
))
("/Users/user/Library/Application Support/MiKTeX/texmfs/install/tex/latex/pgf/u
tilities/pgffor.sty"
("/Users/user/Library/Application Support/MiKTeX/texmfs/install/tex/latex/pgf/u
tilities/pgfkeys.sty"
("/Users/user/Library/Application Support/MiKTeX/texmfs/install/tex/generic/pgf
/utilities/pgfkeys.code.tex"))
("/Users/user/Library/Application Support/MiKTeX/texmfs/install/tex/latex/pgf/m
ath/pgfmath.sty"
("/Users/user/Library/Application Support/MiKTeX/texmfs/install/tex/generic/pgf
/math/pgfmath.code.tex"))
("/Users/user/Library/Application Support/MiKTeX/texmfs/install/tex/generic/pgf
/utilities/pgffor.code.tex"
Package: pgffor 2013/12/13 v3.0.1a (rcs-revision 1.25)

("/Users/user/Library/Application Support/MiKTeX/texmfs/install/tex/generic/pgf
/math/pgfmath.code.tex")
\pgffor@iter=\dimen144
\pgffor@skip=\dimen145
\pgffor@stack=\toks26
\pgffor@toks=\toks27
))
("/Users/user/Library/Application Support/MiKTeX/texmfs/install/tex/generic/pgf
/frontendlayer/tikz/tikz.code.tex"
Package: tikz 2015/08/07 v3.0.1a (rcs-revision 1.151)

("/Users/user/Library/Application Support/MiKTeX/texmfs/install/tex/generic/pgf
/libraries/pgflibraryplothandlers.code.tex"
File: pgflibraryplothandlers.code.tex 2013/08/31 v3.0.1a (rcs-revision 1.20)
\pgf@plot@mark@count=\count102
\pgfplotmarksize=\dimen146
)
\tikz@lastx=\dimen147
\tikz@lasty=\dimen148
\tikz@lastxsaved=\dimen149
\tikz@lastysaved=\dimen150
\tikzleveldistance=\dimen151
\tikzsiblingdistance=\dimen152
\tikz@figbox=\box37
\tikz@figbox@bg=\box38
\tikz@tempbox=\box39
\tikz@tempbox@bg=\box40
\tikztreelevel=\count103
\tikznumberofchildren=\count104
\tikznumberofcurrentchild=\count105
\tikz@fig@count=\count106

("/Users/user/Library/Application Support/MiKTeX/texmfs/install/tex/generic/pgf
/modules/pgfmodulematrix.code.tex"
File: pgfmodulematrix.code.tex 2013/09/17  (rcs-revision 1.8)
\pgfmatrixcurrentrow=\count107
\pgfmatrixcurrentcolumn=\count108
\pgf@matrix@numberofcolumns=\count109
)
\tikz@expandcount=\count110

("/Users/user/Library/Application Support/MiKTeX/texmfs/install/tex/generic/pgf
/frontendlayer/tikz/libraries/tikzlibrarytopaths.code.tex"
File: tikzlibrarytopaths.code.tex 2008/06/17 v3.0.1a (rcs-revision 1.2)
)))
("/Users/user/Library/Application Support/MiKTeX/texmfs/install/tex/latex/base/
ifthen.sty"
Package: ifthen 2014/09/29 v1.1c Standard LaTeX ifthen package (DPC)
)
("/Users/user/Library/Application Support/MiKTeX/texmfs/install/tex/latex/base/
fontenc.sty"
Package: fontenc 2017/04/05 v2.0i Standard LaTeX package

("/Users/user/Library/Application Support/MiKTeX/texmfs/install/tex/latex/base/
t1enc.def"
File: t1enc.def 2017/04/05 v2.0i Standard LaTeX file
LaTeX Font Info:    Redeclaring font encoding T1 on input line 48.
)
LaTeX Font Info:    Try loading font information for T1+lmr on input line 105.

("/Users/user/Library/Application Support/MiKTeX/texmfs/install/tex/latex/lm/t1
lmr.fd"
File: t1lmr.fd 2009/10/30 v1.6 Font defs for Latin Modern
))
("/Users/user/Library/Application Support/MiKTeX/texmfs/install/tex/generic/pgf
/frontendlayer/tikz/libraries/tikzlibrarydecorations.code.tex"
("/Users/user/Library/Application Support/MiKTeX/texmfs/install/tex/generic/pgf
/modules/pgfmoduledecorations.code.tex"
\pgfdecoratedcompleteddistance=\dimen153
\pgfdecoratedremainingdistance=\dimen154
\pgfdecoratedinputsegmentcompleteddistance=\dimen155
\pgfdecoratedinputsegmentremainingdistance=\dimen156
\pgf@decorate@distancetomove=\dimen157
\pgf@decorate@repeatstate=\count111
\pgfdecorationsegmentamplitude=\dimen158
\pgfdecorationsegmentlength=\dimen159
)
\tikz@lib@dec@box=\box41
)
("/Users/user/Library/Application Support/MiKTeX/texmfs/install/tex/generic/pgf
/frontendlayer/tikz/libraries/tikzlibraryfadings.code.tex"
File: tikzlibraryfadings.code.tex 2009/11/15 v3.0.1a (rcs-revision 1.2)

("/Users/user/Library/Application Support/MiKTeX/texmfs/install/tex/generic/pgf
/libraries/pgflibraryfadings.code.tex"
File: pgflibraryfadings.code.tex 2008/02/07 v3.0.1a (rcs-revision 1.3)
))
("/Users/user/Library/Application Support/MiKTeX/texmfs/install/tex/generic/pgf
/frontendlayer/tikz/libraries/tikzlibrarysnakes.code.tex"
File: tikzlibrarysnakes.code.tex 2013/07/15 v3.0.1a (rcs-revision 1.7)


Package pgf Warning: Snakes have been superseded by decorations. Please use the
 decoration libraries instead of the snakes library on input line 14.


("/Users/user/Library/Application Support/MiKTeX/texmfs/install/tex/generic/pgf
/frontendlayer/tikz/libraries/tikzlibrarydecorations.pathmorphing.code.tex"
("/Users/user/Library/Application Support/MiKTeX/texmfs/install/tex/generic/pgf
/libraries/decorations/pgflibrarydecorations.pathmorphing.code.tex"))
("/Users/user/Library/Application Support/MiKTeX/texmfs/install/tex/generic/pgf
/frontendlayer/tikz/libraries/tikzlibrarydecorations.pathreplacing.code.tex"
("/Users/user/Library/Application Support/MiKTeX/texmfs/install/tex/generic/pgf
/libraries/decorations/pgflibrarydecorations.pathreplacing.code.tex"))
("/Users/user/Library/Application Support/MiKTeX/texmfs/install/tex/generic/pgf
/frontendlayer/tikz/libraries/tikzlibrarydecorations.shapes.code.tex"
("/Users/user/Library/Application Support/MiKTeX/texmfs/install/tex/generic/pgf
/libraries/decorations/pgflibrarydecorations.shapes.code.tex")))
("/Users/user/Library/Application Support/MiKTeX/texmfs/install/tex/generic/pgf
/frontendlayer/tikz/libraries/tikzlibrarycalc.code.tex"
File: tikzlibrarycalc.code.tex 2013/07/15 v3.0.1a (rcs-revision 1.9)
)
\baposter@movebody=\skip66
\baposter@basemarginright=\skip67
\baposter@basemarginleft=\skip68

Paperwidth=2392.87677pt
Paperheight=3383.03267pt
BasePaperwidth=698.73782pt
BasePaperheight=987.87073pt

("/Users/user/Library/Application Support/MiKTeX/texmfs/install/tex/latex/geome
try/geometry.sty"
Package: geometry 2018/03/24 v5.7 Page Geometry

("/Users/user/Library/Application Support/MiKTeX/texmfs/install/tex/generic/obe
rdiek/ifpdf.sty"
Package: ifpdf 2017/03/15 v3.2 Provides the ifpdf switch
)
("/Users/user/Library/Application Support/MiKTeX/texmfs/install/tex/generic/obe
rdiek/ifvtex.sty"
Package: ifvtex 2016/05/16 v1.6 Detect VTeX and its facilities (HO)
Package ifvtex Info: VTeX not detected.
)
("/Users/user/Library/Application Support/MiKTeX/texmfs/install/tex/generic/ifx
etex/ifxetex.sty"
Package: ifxetex 2010/09/12 v0.6 Provides ifxetex conditional
)
\Gm@cnth=\count112
\Gm@cntv=\count113
\c@Gm@tempcnt=\count114
\Gm@bindingoffset=\dimen160
\Gm@wd@mp=\dimen161
\Gm@odd@mp=\dimen162
\Gm@even@mp=\dimen163
\Gm@layoutwidth=\dimen164
\Gm@layoutheight=\dimen165
\Gm@layouthoffset=\dimen166
\Gm@layoutvoffset=\dimen167
\Gm@dimlist=\toks28

("/Users/user/Library/Application Support/MiKTeX/texmfs/install/tex/xelatex/xet
exconfig/geometry.cfg"))
("/Users/user/Library/Application Support/MiKTeX/texmfs/install/tex/latex/pgf/u
tilities/pgfpages.sty"
Package: pgfpages 2011/01/05 ver 0.02
\pgf@logicalpages=\count115
\pgf@firstshipout=\count116
\pgf@lastshipout=\count117
\pgf@currentshipout=\count118
\pgf@cpn=\count119
\pgf@shipoutnextto=\count120
\pgfphysicalheight=\dimen168
\pgfphysicalwidth=\dimen169
\pgfpages@shipoutbox=\box42
)
\pgfpages@box@1=\box43
)
("/Users/user/Library/Application Support/MiKTeX/texmfs/install/tex/latex/amsma
th/amsmath.sty"
Package: amsmath 2017/09/02 v2.17a AMS math features
\@mathmargin=\skip69

For additional information on amsmath, use the `?' option.

("/Users/user/Library/Application Support/MiKTeX/texmfs/install/tex/latex/amsma
th/amstext.sty"
Package: amstext 2000/06/29 v2.01 AMS text

("/Users/user/Library/Application Support/MiKTeX/texmfs/install/tex/latex/amsma
th/amsgen.sty"
File: amsgen.sty 1999/11/30 v2.0 generic functions
\@emptytoks=\toks29
\ex@=\dimen170
))
("/Users/user/Library/Application Support/MiKTeX/texmfs/install/tex/latex/amsma
th/amsbsy.sty"
Package: amsbsy 1999/11/29 v1.2d Bold Symbols
\pmbraise@=\dimen171
)
("/Users/user/Library/Application Support/MiKTeX/texmfs/install/tex/latex/amsma
th/amsopn.sty"
Package: amsopn 2016/03/08 v2.02 operator names
)
\inf@bad=\count121
LaTeX Info: Redefining \frac on input line 213.
\uproot@=\count122
\leftroot@=\count123
LaTeX Info: Redefining \overline on input line 375.
\classnum@=\count124
\DOTSCASE@=\count125
LaTeX Info: Redefining \ldots on input line 472.
LaTeX Info: Redefining \dots on input line 475.
LaTeX Info: Redefining \cdots on input line 596.
\Mathstrutbox@=\box44
\strutbox@=\box45
\big@size=\dimen172
LaTeX Font Info:    Redeclaring font encoding OML on input line 712.
LaTeX Font Info:    Redeclaring font encoding OMS on input line 713.
\macc@depth=\count126
\c@MaxMatrixCols=\count127
\dotsspace@=\muskip10
\c@parentequation=\count128
\dspbrk@lvl=\count129
\tag@help=\toks30
\row@=\count130
\column@=\count131
\maxfields@=\count132
\andhelp@=\toks31
\eqnshift@=\dimen173
\alignsep@=\dimen174
\tagshift@=\dimen175
\tagwidth@=\dimen176
\totwidth@=\dimen177
\lineht@=\dimen178
\@envbody=\toks32
\multlinegap=\skip70
\multlinetaggap=\skip71
\mathdisplay@stack=\toks33
LaTeX Info: Redefining \[ on input line 2817.
LaTeX Info: Redefining \] on input line 2818.
)
("/Users/user/Library/Application Support/MiKTeX/texmfs/install/tex/latex/amsfo
nts/amssymb.sty"
Package: amssymb 2013/01/14 v3.01 AMS font symbols

("/Users/user/Library/Application Support/MiKTeX/texmfs/install/tex/latex/amsfo
nts/amsfonts.sty"
Package: amsfonts 2013/01/14 v3.01 Basic AMSFonts support
\symAMSa=\mathgroup4
\symAMSb=\mathgroup5
LaTeX Font Info:    Overwriting math alphabet `\mathfrak' in version `bold'
(Font)                  U/euf/m/n --> U/euf/b/n on input line 106.
))
("/Users/user/Library/Application Support/MiKTeX/texmfs/install/tex/latex/ltxmi
sc/relsize.sty"
Package: relsize 2003/07/04 ver 3.1
)
("/Users/user/Library/Application Support/MiKTeX/texmfs/install/tex/latex/multi
row/multirow.sty"
Package: multirow 2016/11/25 v2.2 Span multiple rows of a table
\multirow@colwidth=\skip72
\multirow@cntb=\count133
\multirow@dima=\skip73
\bigstrutjot=\dimen179
)
("/Users/user/Library/Application Support/MiKTeX/texmfs/install/tex/latex/tools
/bm.sty"
Package: bm 2017/01/16 v1.2c Bold Symbol Support (DPC/FMi)
\symboldoperators=\mathgroup6
\symboldletters=\mathgroup7
\symboldsymbols=\mathgroup8
LaTeX Font Info:    Redeclaring math alphabet \mathbf on input line 141.
LaTeX Info: Redefining \bm on input line 207.
) (BeamerColor.sty
Invalid UTF-8 byte or sequence at line 4 replaced by U+FFFD.
Invalid UTF-8 byte or sequence at line 16 replaced by U+FFFD.
Package: BeamerColor 08/01/2008
)
("/Users/user/Library/Application Support/MiKTeX/texmfs/install/tex/latex/tools
/multicol.sty"

LaTeX Warning: You have requested release `2018-04-01' of LaTeX,
               but only release `2017-04-15' is available.

Package: multicol 2018/04/01 v1.8r multicolumn formatting (FMi)
\c@tracingmulticols=\count134
\mult@box=\box46
\multicol@leftmargin=\dimen180
\c@unbalance=\count135
\c@collectmore=\count136
\doublecol@number=\count137
\multicoltolerance=\count138
\multicolpretolerance=\count139
\full@width=\dimen181
\page@free=\dimen182
\premulticols=\dimen183
\postmulticols=\dimen184
\multicolsep=\skip74
\multicolbaselineskip=\skip75
\partial@page=\box47
\last@line=\box48
\maxbalancingoverflow=\dimen185
\mult@rightbox=\box49
\mult@grightbox=\box50
\mult@gfirstbox=\box51
\mult@firstbox=\box52
\@tempa=\box53
\@tempa=\box54
\@tempa=\box55
\@tempa=\box56
\@tempa=\box57
\@tempa=\box58
\@tempa=\box59
\@tempa=\box60
\@tempa=\box61
\@tempa=\box62
\@tempa=\box63
\@tempa=\box64
\@tempa=\box65
\@tempa=\box66
\@tempa=\box67
\@tempa=\box68
\@tempa=\box69
\c@columnbadness=\count140
\c@finalcolumnbadness=\count141
\last@try=\dimen186
\multicolovershoot=\dimen187
\multicolundershoot=\dimen188
\mult@nat@firstbox=\box70
\colbreak@box=\box71
\mc@col@check@num=\count142
)
("/Users/user/Library/Application Support/MiKTeX/texmfs/install/tex/latex/pgf/b
asiclayer/pgfbaselayers.sty"

Package pgf Warning: This package is obsolete and no longer needed on input lin
e 13.

)
\pgf@layerbox@background=\box72
\pgf@layerboxsaved@background=\box73
\pgf@layerbox@foreground=\box74
\pgf@layerboxsaved@foreground=\box75

("/Users/user/Library/Application Support/MiKTeX/texmfs/install/tex/latex/psnfs
s/times.sty"
Package: times 2005/04/12 PSNFSS-v9.2a (SPQR) 
)
("/Users/user/Library/Application Support/MiKTeX/texmfs/install/tex/latex/psnfs
s/helvet.sty"
Package: helvet 2005/04/12 PSNFSS-v9.2a (WaS) 
)
("/Users/user/Library/Application Support/MiKTeX/texmfs/install/tex/latex/psnfs
s/palatino.sty"
Package: palatino 2005/04/12 PSNFSS-v9.2a (SPQR) 
)

LaTeX Warning: Unused global option(s):
    [final].

(poster.aux)
\openout1 = `poster.aux'.

LaTeX Font Info:    Checking defaults for OML/cmm/m/it on input line 72.
LaTeX Font Info:    ... okay on input line 72.
LaTeX Font Info:    Checking defaults for T1/cmr/m/n on input line 72.
LaTeX Font Info:    ... okay on input line 72.
LaTeX Font Info:    Checking defaults for OT1/cmr/m/n on input line 72.
LaTeX Font Info:    ... okay on input line 72.
LaTeX Font Info:    Checking defaults for OMS/cmsy/m/n on input line 72.
LaTeX Font Info:    ... okay on input line 72.
LaTeX Font Info:    Checking defaults for TU/lmr/m/n on input line 72.
LaTeX Font Info:    ... okay on input line 72.
LaTeX Font Info:    Checking defaults for OMX/cmex/m/n on input line 72.
LaTeX Font Info:    ... okay on input line 72.
LaTeX Font Info:    Checking defaults for U/cmr/m/n on input line 72.
LaTeX Font Info:    ... okay on input line 72.
LaTeX Font Info:    Try loading font information for T1+ppl on input line 72.

("/Users/user/Library/Application Support/MiKTeX/texmfs/install/tex/latex/psnfs
s/t1ppl.fd"
File: t1ppl.fd 2001/06/04 font definitions for T1/ppl.
) ABD: EveryShipout initializing macros
*geometry* detected driver: pdftex
*geometry* verbose mode - [ preamble ] result:
* driver: pdftex
* paper: custom
* layout: <same size as paper>
* layoutoffset:(h,v)=(0.0pt,0.0pt)
* modes: 
* h-part:(L,W,R)=(12.46262pt, 673.81259pt, 12.46262pt)
* v-part:(T,H,B)=(12.46262pt, 962.9455pt, 12.46262pt)
* \paperwidth=698.73782pt
* \paperheight=987.87073pt
* \textwidth=673.81259pt
* \textheight=962.9455pt
* \oddsidemargin=-59.80737pt
* \evensidemargin=-59.80737pt
* \topmargin=-96.80737pt
* \headheight=12.0pt
* \headsep=25.0pt
* \topskip=10.0pt
* \footskip=30.0pt
* \marginparwidth=65.0pt
* \marginparsep=11.0pt
* \columnsep=6.99997pt
* \skip\footins=9.0pt plus 4.0pt minus 2.0pt
* \hoffset=0.0pt
* \voffset=0.0pt
* \mag=1000
* \@twocolumnfalse
* \@twosidefalse
* \@mparswitchfalse
* \@reversemarginfalse
* (1in=72.27pt=25.4mm, 1cm=28.453pt)

Poster Starts
\leftimgwidth=\skip76
File: images/msrlogo.pdf Graphic file (type pdf)
<use images/msrlogo.pdf>
File: images/logo.pdf Graphic file (type pdf)
<use images/logo.pdf>
LaTeX Font Info:    Try loading font information for U+msa on input line 153.

("/Users/user/Library/Application Support/MiKTeX/texmfs/install/tex/latex/amsfo
nts/umsa.fd"
File: umsa.fd 2013/01/14 v3.01 AMS symbols A
)
LaTeX Font Info:    Try loading font information for U+msb on input line 153.

("/Users/user/Library/Application Support/MiKTeX/texmfs/install/tex/latex/amsfo
nts/umsb.fd"
File: umsb.fd 2013/01/14 v3.01 AMS symbols B
)
LaTeX Font Info:    Font shape `T1/ppl/bx/n' in size <10> not available
(Font)              Font shape `T1/ppl/b/n' tried instead on input line 153.
LaTeX Font Info:    Font shape `T1/ppl/bx/n' in size <24.88> not available
(Font)              Font shape `T1/ppl/b/n' tried instead on input line 153.
LaTeX Font Info:    Try loading font information for T1+phv on input line 153.

("/Users/user/Library/Application Support/MiKTeX/texmfs/install/tex/latex/psnfs
s/t1phv.fd"
File: t1phv.fd 2001/06/04 scalable font definitions for T1/phv.
)
Underfull \hbox (badness 10000) in paragraph at lines 153--153

 []


Underfull \hbox (badness 10000) in paragraph at lines 187--187
[]\T1/ppl/m/n/10 We introduce a method for expression
 []


Underfull \hbox (badness 4686) in paragraph at lines 187--187
\T1/ppl/m/n/10 invariant face recognition. A generative
 []


Underfull \hbox (badness 2753) in paragraph at lines 187--187
\T1/ppl/m/n/10 3D Morphable Model (3DMM) is used to
 []


Underfull \hbox (badness 3919) in paragraph at lines 187--187
\T1/ppl/m/n/10 recognition performance, even on difficult
 []

Missing character: There is no ; in font nullfont!
Missing character: There is no ; in font nullfont!
Missing character: There is no ; in font nullfont!

Underfull \hbox (badness 2351) in paragraph at lines 211--211
\T1/ppl/m/n/10 For each of the 150 expression scans, we
 []


Underfull \hbox (badness 10000) in paragraph at lines 211--211
\T1/ppl/m/n/10 calculated an expression vector as the
 []


Underfull \hbox (badness 1107) in paragraph at lines 211--211
\T1/ppl/m/n/10 difference between the expression scan and
 []


Underfull \hbox (badness 2134) in paragraph at lines 211--211
\T1/ppl/m/n/10 This data is already mode-centered, if we
 []


Underfull \hbox (badness 1590) in paragraph at lines 211--211
\T1/ppl/m/n/10 The assumption here is, that the face and
 []


Underfull \hbox (badness 3769) in paragraph at lines 211--211
\T1/ppl/m/n/10 expression space are linearly independent,
 []

Missing character: There is no ; in font nullfont!
Missing character: There is no ; in font nullfont!
Missing character: There is no ; in font nullfont!

Underfull \hbox (badness 1755) in paragraph at lines 223--223
[]\T1/ppl/m/n/10 A Robust Nonrigid ICP method was used
 []


Underfull \hbox (badness 1748) in paragraph at lines 223--223
\T1/ppl/m/n/10 to fit the model to the data. Robustness
 []

Missing character: There is no ; in font nullfont!
Missing character: There is no ; in font nullfont!
Missing character: There is no ; in font nullfont!
Missing character: There is no ; in font nullfont!
Missing character: There is no ; in font nullfont!
Missing character: There is no ; in font nullfont!
File: images/D1077.png Graphic file (type bmp)
<images/D1077.png>
File: images/D1077_fit_expression.png Graphic file (type bmp)
<images/D1077_fit_expression.png>
File: images/D1077_fit.png Graphic file (type bmp)
<images/D1077_fit.png>
File: images/D1360.png Graphic file (type bmp)
<images/D1360.png>
File: images/D1360_fit_expression.png Graphic file (type bmp)
<images/D1360_fit_expression.png>
File: images/D1360_fit.png Graphic file (type bmp)
<images/D1360_fit.png>

Underfull \hbox (badness 10000) in paragraph at lines 259--259
[][]
 []


Underfull \hbox (badness 1910) in paragraph at lines 259--259
\T1/ppl/m/n/10 same individual. The robust fitting gives
 []


Underfull \hbox (badness 2020) in paragraph at lines 259--259
\T1/ppl/m/n/10 given the noisy measurement (a). It fills
 []


Underfull \hbox (badness 1960) in paragraph at lines 259--259
\T1/ppl/m/n/10 in holes and removes artifacts using prior
 []

Missing character: There is no ; in font nullfont!
Missing character: There is no ; in font nullfont!
Missing character: There is no ; in font nullfont!
Missing character: There is no ; in font nullfont!
Missing character: There is no ; in font nullfont!
Missing character: There is no ; in font nullfont!
(shrec_mncg.tex
File: shrec_mncg.pdf Graphic file (type pdf)
<use shrec_mncg.pdf>
) (und_mncg.tex
File: und_MNCG.pdf Graphic file (type pdf)
<use und_MNCG.pdf>
) (shrec_pr.tex
File: shrec_PR.pdf Graphic file (type pdf)
<use shrec_PR.pdf>
) (und_pr.tex
File: und_PR.pdf Graphic file (type pdf)
<use und_PR.pdf>
) (shrec_far_frr.tex
File: shrec_far_frr.pdf Graphic file (type pdf)
<use shrec_far_frr.pdf>
) (und_far_frr.tex
File: und_far_frr.pdf Graphic file (type pdf)
<use und_far_frr.pdf>
)
Overfull \hbox (13.06815pt too wide) in paragraph at lines 310--310
[] 
 []


Overfull \hbox (13.06815pt too wide) in paragraph at lines 310--310
[] 
 []


Overfull \hbox (13.06815pt too wide) in paragraph at lines 310--310
[] 
 []

Missing character: There is no ; in font nullfont!
Missing character: There is no ; in font nullfont!
Missing character: There is no ; in font nullfont!
File: images/D1160.png Graphic file (type bmp)
<images/D1160.png>
File: images/D1425.png Graphic file (type bmp)
<images/D1425.png>
File: images/D1205.png Graphic file (type bmp)
<images/D1205.png>
File: images/D1160_fit_expression.png Graphic file (type bmp)
<images/D1160_fit_expression.png>
File: images/D1425_fit_expression.png Graphic file (type bmp)
<images/D1425_fit_expression.png>
File: images/D1205_fit_expression.png Graphic file (type bmp)
<images/D1205_fit_expression.png>

Underfull \hbox (badness 10000) in paragraph at lines 335--335
[][]
 []


Underfull \hbox (badness 7397) in paragraph at lines 335--335
[]\T1/ppl/m/n/10 This is achieved by a robust iteratively
 []


Underfull \hbox (badness 10000) in paragraph at lines 335--335
\T1/ppl/m/n/10 reweighted ICP algorithm and outlier
 []

Missing character: There is no ; in font nullfont!
Missing character: There is no ; in font nullfont!
Missing character: There is no ; in font nullfont!
Missing character: There is no ; in font nullfont!
Missing character: There is no ; in font nullfont!
Missing character: There is no ; in font nullfont!

Underfull \hbox (badness 7540) in paragraph at lines 364--364
[]\T1/ppl/m/n/10 We investigate learning ``pure'' separated
 []

Missing character: There is no ; in font nullfont!
Missing character: There is no ; in font nullfont!
Missing character: There is no ; in font nullfont!
[2

]
Memory usage before: 46269&390404; after: 24167&386064; still untouched: 255598
1
(poster.aux) ) 
Here is how much of TeX's memory you used:
 15583 strings out of 429758
 317596 string characters out of 3180207
 444019 words of memory out of 3000000
 19085 multiletter control sequences out of 15000+200000
 22603 words of font info for 43 fonts, out of 3000000 for 9000
 0 hyphenation exceptions out of 8191
 62i,19n,76p,468b,1249s stack positions out of 5000i,500n,10000p,200000b,50000s

Output written on poster.pdf (1 page).
